{"D:\\Universal-Question-Bank-Paper-System\\frontend\\src\\components\\GoogleSelect.vue": {"path":"D:\\Universal-Question-Bank-Paper-System\\frontend\\src\\components\\GoogleSelect.vue","statementMap":{"0":{"start":{"line":9,"column":14},"end":{"line":9,"column":null}},"1":{"start":{"line":16,"column":13},"end":{"line":16,"column":null}},"2":{"start":{"line":18,"column":6},"end":{"line":18,"column":25}},"3":{"start":{"line":19,"column":6},"end":{"line":19,"column":50}},"4":{"start":{"line":21,"column":6},"end":{"line":24,"column":null}},"5":{"start":{"line":22,"column":17},"end":{"line":22,"column":70}},"6":{"start":{"line":22,"column":41},"end":{"line":22,"column":70}},"7":{"start":{"line":23,"column":2},"end":{"line":23,"column":null}},"8":{"start":{"line":27,"column":2},"end":{"line":27,"column":null}},"9":{"start":{"line":31,"column":2},"end":{"line":31,"column":null}},"10":{"start":{"line":32,"column":2},"end":{"line":32,"column":null}},"11":{"start":{"line":37,"column":4},"end":{"line":37,"column":null}},"12":{"start":{"line":41,"column":0},"end":{"line":43,"column":null}},"13":{"start":{"line":42,"column":2},"end":{"line":42,"column":null}},"14":{"start":{"line":45,"column":0},"end":{"line":47,"column":null}},"15":{"start":{"line":46,"column":2},"end":{"line":46,"column":null}},"16":{"start":{"line":58,"column":12},"end":{"line":58,"column":33}},"17":{"start":{"line":64,"column":8},"end":{"line":72,"column":78}},"18":{"start":{"line":69,"column":18},"end":{"line":69,"column":null}}},"fnMap":{"0":{"name":"(anonymous_0)","decl":{"start":{"line":21,"column":22},"end":{"line":21,"column":37}},"loc":{"start":{"line":21,"column":37},"end":{"line":24,"column":null}},"line":21},"1":{"name":"(anonymous_1)","decl":{"start":{"line":22,"column":31},"end":{"line":22,"column":36}},"loc":{"start":{"line":22,"column":41},"end":{"line":22,"column":70}},"line":22},"2":{"name":"(anonymous_2)","decl":{"start":{"line":41,"column":0},"end":{"line":41,"column":16}},"loc":{"start":{"line":41,"column":16},"end":{"line":43,"column":null}},"line":41},"3":{"name":"(anonymous_3)","decl":{"start":{"line":45,"column":0},"end":{"line":45,"column":18}},"loc":{"start":{"line":45,"column":18},"end":{"line":47,"column":null}},"line":45},"4":{"name":"(anonymous_4)","decl":{"start":{"line":69,"column":11},"end":{"line":69,"column":16}},"loc":{"start":{"line":69,"column":18},"end":{"line":69,"column":null}},"line":69}},"branchMap":{"0":{"loc":{"start":{"line":23,"column":9},"end":{"line":23,"column":null}},"type":"cond-expr","locations":[{"start":{"line":23,"column":18},"end":{"line":23,"column":34}},{"start":{"line":23,"column":34},"end":{"line":23,"column":null}}],"line":23},"1":{"loc":{"start":{"line":23,"column":34},"end":{"line":23,"column":null}},"type":"binary-expr","locations":[{"start":{"line":23,"column":34},"end":{"line":23,"column":55}},{"start":{"line":23,"column":55},"end":{"line":23,"column":null}}],"line":23},"2":{"loc":{"start":{"line":36,"column":6},"end":{"line":36,"column":78}},"type":"binary-expr","locations":[{"start":{"line":36,"column":6},"end":{"line":36,"column":28}},{"start":{"line":36,"column":28},"end":{"line":36,"column":78}}],"line":36},"3":{"loc":{"start":{"line":52,"column":17},"end":{"line":52,"column":64}},"type":"cond-expr","locations":[{"start":{"line":52,"column":17},"end":{"line":52,"column":64}},{"start":{"line":52,"column":53},"end":{"line":52,"column":64}}],"line":52},"4":{"loc":{"start":{"line":58,"column":50},"end":{"line":59,"column":39}},"type":"binary-expr","locations":[{"start":{"line":58,"column":50},"end":{"line":58,"column":60}},{"start":{"line":58,"column":50},"end":{"line":59,"column":39}}],"line":58},"5":{"loc":{"start":{"line":72,"column":22},"end":{"line":72,"column":78}},"type":"cond-expr","locations":[{"start":{"line":72,"column":39},"end":{"line":72,"column":71}},{"start":{"line":72,"column":71},"end":{"line":72,"column":78}}],"line":72}},"s":{"0":0,"1":0,"2":0,"3":0,"4":0,"5":0,"6":0,"7":0,"8":0,"9":0,"10":0,"11":0,"12":0,"13":0,"14":0,"15":0,"16":1,"17":0,"18":0},"f":{"0":0,"1":0,"2":0,"3":0,"4":0},"b":{"0":[0,0],"1":[0,0],"2":[0,0],"3":[0,0],"4":[0,0],"5":[0,0]},"meta":{"lastBranch":0,"lastFunction":0,"lastStatement":0,"seen":{}}}
,"D:\\Universal-Question-Bank-Paper-System\\frontend\\src\\states\\authState.ts": {"path":"D:\\Universal-Question-Bank-Paper-System\\frontend\\src\\states\\authState.ts","statementMap":{"0":{"start":{"line":13,"column":13},"end":{"line":58,"column":2}},"1":{"start":{"line":24,"column":4},"end":{"line":24,"column":null}},"2":{"start":{"line":25,"column":4},"end":{"line":25,"column":null}},"3":{"start":{"line":26,"column":4},"end":{"line":26,"column":null}},"4":{"start":{"line":29,"column":4},"end":{"line":29,"column":null}},"5":{"start":{"line":30,"column":4},"end":{"line":30,"column":null}},"6":{"start":{"line":31,"column":4},"end":{"line":31,"column":null}},"7":{"start":{"line":32,"column":4},"end":{"line":32,"column":null}},"8":{"start":{"line":33,"column":4},"end":{"line":33,"column":null}},"9":{"start":{"line":36,"column":4},"end":{"line":36,"column":null}},"10":{"start":{"line":39,"column":4},"end":{"line":39,"column":null}},"11":{"start":{"line":39,"column":31},"end":{"line":39,"column":null}},"12":{"start":{"line":41,"column":20},"end":{"line":41,"column":49}},"13":{"start":{"line":42,"column":23},"end":{"line":44,"column":8}},"14":{"start":{"line":45,"column":19},"end":{"line":45,"column":null}},"15":{"start":{"line":46,"column":6},"end":{"line":53,"column":null}},"16":{"start":{"line":55,"column":6},"end":{"line":55,"column":null}}},"fnMap":{},"branchMap":{"0":{"loc":{"start":{"line":39,"column":4},"end":{"line":39,"column":null}},"type":"if","locations":[{"start":{"line":39,"column":4},"end":{"line":39,"column":null}},{"start":{},"end":{}}],"line":39},"1":{"loc":{"start":{"line":48,"column":18},"end":{"line":48,"column":null}},"type":"binary-expr","locations":[{"start":{"line":48,"column":18},"end":{"line":48,"column":35}},{"start":{"line":48,"column":35},"end":{"line":48,"column":null}}],"line":48},"2":{"loc":{"start":{"line":49,"column":18},"end":{"line":49,"column":null}},"type":"binary-expr","locations":[{"start":{"line":49,"column":18},"end":{"line":49,"column":35}},{"start":{"line":49,"column":35},"end":{"line":49,"column":52}},{"start":{"line":49,"column":52},"end":{"line":49,"column":null}}],"line":49},"3":{"loc":{"start":{"line":50,"column":15},"end":{"line":50,"column":null}},"type":"binary-expr","locations":[{"start":{"line":50,"column":15},"end":{"line":50,"column":29}},{"start":{"line":50,"column":29},"end":{"line":50,"column":null}}],"line":50},"4":{"loc":{"start":{"line":51,"column":14},"end":{"line":51,"column":null}},"type":"binary-expr","locations":[{"start":{"line":51,"column":14},"end":{"line":51,"column":27}},{"start":{"line":51,"column":27},"end":{"line":51,"column":null}}],"line":51},"5":{"loc":{"start":{"line":52,"column":19},"end":{"line":52,"column":null}},"type":"binary-expr","locations":[{"start":{"line":52,"column":19},"end":{"line":52,"column":37}},{"start":{"line":52,"column":37},"end":{"line":52,"column":null}}],"line":52}},"s":{"0":2,"1":0,"2":0,"3":0,"4":0,"5":0,"6":0,"7":0,"8":0,"9":0,"10":0,"11":0,"12":0,"13":0,"14":0,"15":0,"16":0},"f":{},"b":{"0":[0,0],"1":[0,0],"2":[0,0,0],"3":[0,0],"4":[0,0],"5":[0,0]},"meta":{"lastBranch":6,"lastFunction":0,"lastStatement":17,"seen":{"s:13:13:58:2":0,"s:24:4:24:Infinity":1,"s:25:4:25:Infinity":2,"s:26:4:26:Infinity":3,"s:29:4:29:Infinity":4,"s:30:4:30:Infinity":5,"s:31:4:31:Infinity":6,"s:32:4:32:Infinity":7,"s:33:4:33:Infinity":8,"s:36:4:36:Infinity":9,"b:39:4:39:Infinity:undefined:undefined:undefined:undefined":0,"s:39:4:39:Infinity":10,"s:39:31:39:Infinity":11,"s:41:20:41:49":12,"s:42:23:44:8":13,"s:45:19:45:Infinity":14,"s:46:6:53:Infinity":15,"b:48:18:48:35:48:35:48:Infinity":1,"b:49:18:49:35:49:35:49:52:49:52:49:Infinity":2,"b:50:15:50:29:50:29:50:Infinity":3,"b:51:14:51:27:51:27:51:Infinity":4,"b:52:19:52:37:52:37:52:Infinity":5,"s:55:6:55:Infinity":16}}}
,"D:\\Universal-Question-Bank-Paper-System\\frontend\\src\\stores\\basket.ts": {"path":"D:\\Universal-Question-Bank-Paper-System\\frontend\\src\\stores\\basket.ts","statementMap":{"0":{"start":{"line":3,"column":20},"end":{"line":3,"column":null}},"1":{"start":{"line":4,"column":15},"end":{"line":4,"column":48}},"2":{"start":{"line":5,"column":6},"end":{"line":5,"column":62}},"3":{"start":{"line":7,"column":0},"end":{"line":9,"column":null}},"4":{"start":{"line":8,"column":2},"end":{"line":8,"column":null}},"5":{"start":{"line":14,"column":6},"end":{"line":14,"column":null}},"6":{"start":{"line":19,"column":18},"end":{"line":19,"column":42}},"7":{"start":{"line":21,"column":6},"end":{"line":21,"column":null}},"8":{"start":{"line":25,"column":8},"end":{"line":25,"column":62}},"9":{"start":{"line":25,"column":37},"end":{"line":25,"column":62}},"10":{"start":{"line":28,"column":4},"end":{"line":28,"column":null}},"11":{"start":{"line":31,"column":2},"end":{"line":37,"column":null}}},"fnMap":{"0":{"name":"(anonymous_0)","decl":{"start":{"line":7,"column":6},"end":{"line":7,"column":15}},"loc":{"start":{"line":7,"column":26},"end":{"line":9,"column":5}},"line":7},"1":{"name":"(anonymous_1)","decl":{"start":{"line":25,"column":8},"end":{"line":25,"column":22}},"loc":{"start":{"line":25,"column":37},"end":{"line":25,"column":62}},"line":25}},"branchMap":{"0":{"loc":{"start":{"line":5,"column":29},"end":{"line":5,"column":61}},"type":"cond-expr","locations":[{"start":{"line":5,"column":38},"end":{"line":5,"column":56}},{"start":{"line":5,"column":59},"end":{"line":5,"column":61}}],"line":5}},"s":{"0":1,"1":1,"2":1,"3":1,"4":0,"5":0,"6":0,"7":0,"8":2,"9":3,"10":0,"11":2},"f":{"0":0,"1":3},"b":{"0":[0,1]},"meta":{"lastBranch":1,"lastFunction":2,"lastStatement":12,"seen":{"s:3:20:3:Infinity":0,"s:4:15:4:48":1,"s:5:6:5:62":2,"b:5:38:5:56:5:59:5:61":0,"s:7:0:9:Infinity":3,"f:7:6:7:15":0,"s:8:2:8:Infinity":4,"s:14:6:14:Infinity":5,"s:19:18:19:42":6,"s:21:6:21:Infinity":7,"s:25:8:25:62":8,"f:25:8:25:22":1,"s:25:37:25:62":9,"s:28:4:28:Infinity":10,"s:31:2:37:Infinity":11}}}
,"D:\\Universal-Question-Bank-Paper-System\\frontend\\src\\views\\ExamView.vue": {"path":"D:\\Universal-Question-Bank-Paper-System\\frontend\\src\\views\\ExamView.vue","statementMap":{"0":{"start":{"line":70,"column":20},"end":{"line":70,"column":null}},"1":{"start":{"line":48,"column":6},"end":{"line":48,"column":24}},"2":{"start":{"line":49,"column":6},"end":{"line":49,"column":26}},"3":{"start":{"line":50,"column":6},"end":{"line":50,"column":58}},"4":{"start":{"line":51,"column":6},"end":{"line":51,"column":133}},"5":{"start":{"line":54,"column":0},"end":{"line":58,"column":null}},"6":{"start":{"line":54,"column":12},"end":{"line":54,"column":32}},"7":{"start":{"line":56,"column":4},"end":{"line":56,"column":null}},"8":{"start":{"line":60,"column":6},"end":{"line":60,"column":35}},"9":{"start":{"line":61,"column":6},"end":{"line":61,"column":58}},"10":{"start":{"line":62,"column":6},"end":{"line":62,"column":26}},"11":{"start":{"line":63,"column":6},"end":{"line":63,"column":21}},"12":{"start":{"line":64,"column":6},"end":{"line":64,"column":28}},"13":{"start":{"line":65,"column":6},"end":{"line":65,"column":52}},"14":{"start":{"line":66,"column":6},"end":{"line":66,"column":34}},"15":{"start":{"line":69,"column":6},"end":{"line":69,"column":26}},"16":{"start":{"line":71,"column":6},"end":{"line":71,"column":31}},"17":{"start":{"line":72,"column":6},"end":{"line":72,"column":38}},"18":{"start":{"line":73,"column":6},"end":{"line":73,"column":38}},"19":{"start":{"line":77,"column":4},"end":{"line":77,"column":null}},"20":{"start":{"line":79,"column":6},"end":{"line":79,"column":null}},"21":{"start":{"line":80,"column":6},"end":{"line":80,"column":null}},"22":{"start":{"line":82,"column":6},"end":{"line":82,"column":null}},"23":{"start":{"line":83,"column":6},"end":{"line":83,"column":null}},"24":{"start":{"line":90,"column":4},"end":{"line":90,"column":null}},"25":{"start":{"line":91,"column":4},"end":{"line":91,"column":null}},"26":{"start":{"line":93,"column":4},"end":{"line":93,"column":null}},"27":{"start":{"line":99,"column":8},"end":{"line":99,"column":null}},"28":{"start":{"line":101,"column":8},"end":{"line":101,"column":null}},"29":{"start":{"line":105,"column":0},"end":{"line":108,"column":null}},"30":{"start":{"line":106,"column":2},"end":{"line":106,"column":null}},"31":{"start":{"line":107,"column":2},"end":{"line":107,"column":null}},"32":{"start":{"line":110,"column":0},"end":{"line":113,"column":null}},"33":{"start":{"line":111,"column":2},"end":{"line":111,"column":null}},"34":{"start":{"line":112,"column":2},"end":{"line":112,"column":null}},"35":{"start":{"line":115,"column":6},"end":{"line":132,"column":null}},"36":{"start":{"line":117,"column":2},"end":{"line":117,"column":null}},"37":{"start":{"line":120,"column":4},"end":{"line":127,"column":null}},"38":{"start":{"line":122,"column":8},"end":{"line":122,"column":null}},"39":{"start":{"line":124,"column":18},"end":{"line":124,"column":73}},"40":{"start":{"line":124,"column":56},"end":{"line":124,"column":73}},"41":{"start":{"line":125,"column":8},"end":{"line":125,"column":null}},"42":{"start":{"line":129,"column":4},"end":{"line":129,"column":null}},"43":{"start":{"line":129,"column":48},"end":{"line":129,"column":79}},"44":{"start":{"line":131,"column":2},"end":{"line":131,"column":null}},"45":{"start":{"line":139,"column":6},"end":{"line":173,"column":null}},"46":{"start":{"line":140,"column":32},"end":{"line":140,"column":34}},"47":{"start":{"line":141,"column":19},"end":{"line":141,"column":null}},"48":{"start":{"line":142,"column":2},"end":{"line":142,"column":null}},"49":{"start":{"line":142,"column":42},"end":{"line":142,"column":null}},"50":{"start":{"line":144,"column":21},"end":{"line":144,"column":null}},"51":{"start":{"line":145,"column":70},"end":{"line":145,"column":72}},"52":{"start":{"line":146,"column":24},"end":{"line":146,"column":null}},"53":{"start":{"line":148,"column":10},"end":{"line":148,"column":null}},"54":{"start":{"line":149,"column":20},"end":{"line":149,"column":null}},"55":{"start":{"line":151,"column":6},"end":{"line":151,"column":null}},"56":{"start":{"line":152,"column":6},"end":{"line":152,"column":null}},"57":{"start":{"line":156,"column":19},"end":{"line":156,"column":null}},"58":{"start":{"line":157,"column":6},"end":{"line":157,"column":null}},"59":{"start":{"line":157,"column":17},"end":{"line":157,"column":null}},"60":{"start":{"line":160,"column":10},"end":{"line":160,"column":null}},"61":{"start":{"line":161,"column":10},"end":{"line":161,"column":null}},"62":{"start":{"line":162,"column":10},"end":{"line":162,"column":null}},"63":{"start":{"line":164,"column":10},"end":{"line":164,"column":null}},"64":{"start":{"line":166,"column":13},"end":{"line":166,"column":null}},"65":{"start":{"line":170,"column":2},"end":{"line":170,"column":null}},"66":{"start":{"line":172,"column":2},"end":{"line":172,"column":null}},"67":{"start":{"line":175,"column":6},"end":{"line":178,"column":null}},"68":{"start":{"line":176,"column":4},"end":{"line":176,"column":null}},"69":{"start":{"line":176,"column":37},"end":{"line":176,"column":null}},"70":{"start":{"line":177,"column":4},"end":{"line":177,"column":null}},"71":{"start":{"line":180,"column":6},"end":{"line":186,"column":null}},"72":{"start":{"line":182,"column":8},"end":{"line":182,"column":null}},"73":{"start":{"line":184,"column":4},"end":{"line":184,"column":null}},"74":{"start":{"line":184,"column":37},"end":{"line":184,"column":null}},"75":{"start":{"line":185,"column":4},"end":{"line":185,"column":null}},"76":{"start":{"line":190,"column":8},"end":{"line":190,"column":null}},"77":{"start":{"line":191,"column":8},"end":{"line":191,"column":null}},"78":{"start":{"line":197,"column":8},"end":{"line":197,"column":null}},"79":{"start":{"line":198,"column":8},"end":{"line":198,"column":null}},"80":{"start":{"line":203,"column":2},"end":{"line":218,"column":null}},"81":{"start":{"line":204,"column":21},"end":{"line":204,"column":61}},"82":{"start":{"line":205,"column":4},"end":{"line":217,"column":null}},"83":{"start":{"line":206,"column":20},"end":{"line":206,"column":49}},"84":{"start":{"line":209,"column":12},"end":{"line":211,"column":null}},"85":{"start":{"line":212,"column":12},"end":{"line":212,"column":null}},"86":{"start":{"line":214,"column":12},"end":{"line":214,"column":null}},"87":{"start":{"line":221,"column":0},"end":{"line":223,"column":null}},"88":{"start":{"line":222,"column":4},"end":{"line":222,"column":null}},"89":{"start":{"line":226,"column":2},"end":{"line":226,"column":null}},"90":{"start":{"line":227,"column":2},"end":{"line":227,"column":null}},"91":{"start":{"line":229,"column":4},"end":{"line":229,"column":null}},"92":{"start":{"line":231,"column":16},"end":{"line":231,"column":39}},"93":{"start":{"line":233,"column":6},"end":{"line":233,"column":null}},"94":{"start":{"line":234,"column":6},"end":{"line":234,"column":null}},"95":{"start":{"line":237,"column":18},"end":{"line":237,"column":47}},"96":{"start":{"line":238,"column":21},"end":{"line":245,"column":6}},"97":{"start":{"line":246,"column":4},"end":{"line":246,"column":null}},"98":{"start":{"line":248,"column":4},"end":{"line":261,"column":null}},"99":{"start":{"line":250,"column":8},"end":{"line":250,"column":null}},"100":{"start":{"line":254,"column":21},"end":{"line":254,"column":null}},"101":{"start":{"line":255,"column":24},"end":{"line":255,"column":42}},"102":{"start":{"line":256,"column":27},"end":{"line":256,"column":null}},"103":{"start":{"line":257,"column":8},"end":{"line":257,"column":null}},"104":{"start":{"line":259,"column":8},"end":{"line":259,"column":null}},"105":{"start":{"line":262,"column":4},"end":{"line":262,"column":null}},"106":{"start":{"line":264,"column":4},"end":{"line":264,"column":null}},"107":{"start":{"line":265,"column":4},"end":{"line":265,"column":null}},"108":{"start":{"line":267,"column":4},"end":{"line":267,"column":null}},"109":{"start":{"line":272,"column":2},"end":{"line":272,"column":null}},"110":{"start":{"line":272,"column":19},"end":{"line":272,"column":null}},"111":{"start":{"line":273,"column":2},"end":{"line":273,"column":null}},"112":{"start":{"line":275,"column":47},"end":{"line":275,"column":49}},"113":{"start":{"line":276,"column":4},"end":{"line":282,"column":null}},"114":{"start":{"line":278,"column":8},"end":{"line":278,"column":null}},"115":{"start":{"line":280,"column":8},"end":{"line":280,"column":null}},"116":{"start":{"line":284,"column":18},"end":{"line":284,"column":47}},"117":{"start":{"line":285,"column":20},"end":{"line":288,"column":null}},"118":{"start":{"line":289,"column":21},"end":{"line":293,"column":6}},"119":{"start":{"line":294,"column":4},"end":{"line":294,"column":null}},"120":{"start":{"line":295,"column":4},"end":{"line":295,"column":null}},"121":{"start":{"line":299,"column":6},"end":{"line":299,"column":null}},"122":{"start":{"line":302,"column":4},"end":{"line":302,"column":null}},"123":{"start":{"line":303,"column":4},"end":{"line":303,"column":null}},"124":{"start":{"line":305,"column":4},"end":{"line":305,"column":null}},"125":{"start":{"line":310,"column":2},"end":{"line":310,"column":null}},"126":{"start":{"line":314,"column":2},"end":{"line":314,"column":null}},"127":{"start":{"line":314,"column":28},"end":{"line":314,"column":null}},"128":{"start":{"line":315,"column":17},"end":{"line":315,"column":67}},"129":{"start":{"line":315,"column":46},"end":{"line":315,"column":67}},"130":{"start":{"line":316,"column":2},"end":{"line":316,"column":null}},"131":{"start":{"line":320,"column":14},"end":{"line":320,"column":null}},"132":{"start":{"line":322,"column":4},"end":{"line":322,"column":null}},"133":{"start":{"line":324,"column":2},"end":{"line":324,"column":null}},"134":{"start":{"line":329,"column":7},"end":{"line":329,"column":24}},"135":{"start":{"line":337,"column":13},"end":{"line":337,"column":31}},"136":{"start":{"line":341,"column":13},"end":{"line":341,"column":31}},"137":{"start":{"line":359,"column":13},"end":{"line":359,"column":33}},"138":{"start":{"line":373,"column":11},"end":{"line":373,"column":47}},"139":{"start":{"line":374,"column":13},"end":{"line":374,"column":35}},"140":{"start":{"line":380,"column":16},"end":{"line":380,"column":35}},"141":{"start":{"line":385,"column":11},"end":{"line":385,"column":33}},"142":{"start":{"line":387,"column":15},"end":{"line":387,"column":37}},"143":{"start":{"line":393,"column":19},"end":{"line":393,"column":42}},"144":{"start":{"line":394,"column":22},"end":{"line":394,"column":38}},"145":{"start":{"line":395,"column":22},"end":{"line":395,"column":42}},"146":{"start":{"line":407,"column":19},"end":{"line":407,"column":39}},"147":{"start":{"line":414,"column":29},"end":{"line":414,"column":50}},"148":{"start":{"line":434,"column":30},"end":{"line":434,"column":49}},"149":{"start":{"line":441,"column":29},"end":{"line":441,"column":48}},"150":{"start":{"line":468,"column":11},"end":{"line":468,"column":31}},"151":{"start":{"line":488,"column":13},"end":{"line":488,"column":56}},"152":{"start":{"line":339,"column":26},"end":{"line":339,"column":35}},"153":{"start":{"line":352,"column":21},"end":{"line":352,"column":null}},"154":{"start":{"line":420,"column":37},"end":{"line":420,"column":null}},"155":{"start":{"line":429,"column":37},"end":{"line":429,"column":null}},"156":{"start":{"line":440,"column":21},"end":{"line":444,"column":null}},"157":{"start":{"line":444,"column":34},"end":{"line":444,"column":null}},"158":{"start":{"line":454,"column":31},"end":{"line":454,"column":null}},"159":{"start":{"line":491,"column":26},"end":{"line":491,"column":55}}},"fnMap":{"0":{"name":"(anonymous_0)","decl":{"start":{"line":54,"column":0},"end":{"line":54,"column":12}},"loc":{"start":{"line":54,"column":12},"end":{"line":54,"column":32}},"line":54},"1":{"name":"(anonymous_1)","decl":{"start":{"line":54,"column":27},"end":{"line":54,"column":32}},"loc":{"start":{"line":54,"column":42},"end":{"line":58,"column":null}},"line":54},"2":{"name":"(anonymous_2)","decl":{"start":{"line":105,"column":0},"end":{"line":105,"column":16}},"loc":{"start":{"line":105,"column":16},"end":{"line":108,"column":null}},"line":105},"3":{"name":"(anonymous_3)","decl":{"start":{"line":110,"column":0},"end":{"line":110,"column":18}},"loc":{"start":{"line":110,"column":18},"end":{"line":113,"column":null}},"line":110},"4":{"name":"(anonymous_4)","decl":{"start":{"line":115,"column":21},"end":{"line":115,"column":51}},"loc":{"start":{"line":115,"column":51},"end":{"line":132,"column":null}},"line":115},"5":{"name":"(anonymous_5)","decl":{"start":{"line":120,"column":34},"end":{"line":120,"column":38}},"loc":{"start":{"line":120,"column":46},"end":{"line":127,"column":null}},"line":120},"6":{"name":"(anonymous_6)","decl":{"start":{"line":124,"column":46},"end":{"line":124,"column":51}},"loc":{"start":{"line":124,"column":56},"end":{"line":124,"column":73}},"line":124},"7":{"name":"(anonymous_7)","decl":{"start":{"line":129,"column":38},"end":{"line":129,"column":42}},"loc":{"start":{"line":129,"column":48},"end":{"line":129,"column":79}},"line":129},"8":{"name":"(anonymous_8)","decl":{"start":{"line":139,"column":17},"end":{"line":139,"column":47}},"loc":{"start":{"line":139,"column":47},"end":{"line":173,"column":null}},"line":139},"9":{"name":"(anonymous_9)","decl":{"start":{"line":175,"column":23},"end":{"line":175,"column":38}},"loc":{"start":{"line":175,"column":38},"end":{"line":178,"column":null}},"line":175},"10":{"name":"(anonymous_10)","decl":{"start":{"line":180,"column":26},"end":{"line":180,"column":41}},"loc":{"start":{"line":180,"column":41},"end":{"line":186,"column":null}},"line":180},"11":{"name":"(anonymous_11)","decl":{"start":{"line":203,"column":2},"end":{"line":203,"column":17}},"loc":{"start":{"line":203,"column":17},"end":{"line":218,"column":null}},"line":203},"12":{"name":"(anonymous_12)","decl":{"start":{"line":205,"column":13},"end":{"line":205,"column":22}},"loc":{"start":{"line":205,"column":29},"end":{"line":217,"column":null}},"line":205},"13":{"name":"(anonymous_13)","decl":{"start":{"line":221,"column":0},"end":{"line":221,"column":16}},"loc":{"start":{"line":221,"column":16},"end":{"line":223,"column":null}},"line":221},"14":{"name":"(anonymous_14)","decl":{"start":{"line":248,"column":32},"end":{"line":248,"column":40}},"loc":{"start":{"line":248,"column":45},"end":{"line":261,"column":null}},"line":248},"15":{"name":"(anonymous_15)","decl":{"start":{"line":276,"column":34},"end":{"line":276,"column":43}},"loc":{"start":{"line":276,"column":58},"end":{"line":282,"column":null}},"line":276},"16":{"name":"(anonymous_16)","decl":{"start":{"line":315,"column":36},"end":{"line":315,"column":41}},"loc":{"start":{"line":315,"column":46},"end":{"line":315,"column":67}},"line":315},"17":{"name":"(anonymous_17)","decl":{"start":{"line":339,"column":26},"end":{"line":339,"column":33}},"loc":{"start":{"line":339,"column":26},"end":{"line":339,"column":35}},"line":339},"18":{"name":"(anonymous_18)","decl":{"start":{"line":352,"column":21},"end":{"line":352,"column":27}},"loc":{"start":{"line":352,"column":21},"end":{"line":352,"column":null}},"line":352},"19":{"name":"(anonymous_19)","decl":{"start":{"line":420,"column":37},"end":{"line":420,"column":45}},"loc":{"start":{"line":420,"column":37},"end":{"line":420,"column":null}},"line":420},"20":{"name":"(anonymous_20)","decl":{"start":{"line":429,"column":37},"end":{"line":429,"column":45}},"loc":{"start":{"line":429,"column":37},"end":{"line":429,"column":null}},"line":429},"21":{"name":"(anonymous_21)","decl":{"start":{"line":444,"column":34},"end":{"line":444,"column":42}},"loc":{"start":{"line":444,"column":34},"end":{"line":444,"column":null}},"line":444},"22":{"name":"(anonymous_22)","decl":{"start":{"line":454,"column":31},"end":{"line":454,"column":39}},"loc":{"start":{"line":454,"column":31},"end":{"line":454,"column":null}},"line":454},"23":{"name":"(anonymous_23)","decl":{"start":{"line":491,"column":24},"end":{"line":491,"column":26}},"loc":{"start":{"line":491,"column":26},"end":{"line":491,"column":55}},"line":491}},"branchMap":{"0":{"loc":{"start":{"line":50,"column":20},"end":{"line":50,"column":58}},"type":"binary-expr","locations":[{"start":{"line":50,"column":20},"end":{"line":50,"column":51}},{"start":{"line":50,"column":55},"end":{"line":50,"column":58}}],"line":50},"1":{"loc":{"start":{"line":51,"column":19},"end":{"line":51,"column":132}},"type":"cond-expr","locations":[{"start":{"line":51,"column":68},"end":{"line":51,"column":88}},{"start":{"line":51,"column":88},"end":{"line":51,"column":132}}],"line":51},"2":{"loc":{"start":{"line":51,"column":19},"end":{"line":51,"column":68}},"type":"binary-expr","locations":[{"start":{"line":51,"column":19},"end":{"line":51,"column":48}},{"start":{"line":51,"column":48},"end":{"line":51,"column":68}}],"line":51},"3":{"loc":{"start":{"line":55,"column":6},"end":{"line":55,"column":42}},"type":"binary-expr","locations":[{"start":{"line":55,"column":6},"end":{"line":55,"column":35}},{"start":{"line":55,"column":35},"end":{"line":55,"column":42}}],"line":55},"4":{"loc":{"start":{"line":76,"column":6},"end":{"line":76,"column":57}},"type":"binary-expr","locations":[{"start":{"line":76,"column":6},"end":{"line":76,"column":25}},{"start":{"line":76,"column":25},"end":{"line":76,"column":39}},{"start":{"line":76,"column":39},"end":{"line":76,"column":57}}],"line":76},"5":{"loc":{"start":{"line":98,"column":8},"end":{"line":98,"column":71}},"type":"binary-expr","locations":[{"start":{"line":98,"column":8},"end":{"line":98,"column":39}},{"start":{"line":98,"column":39},"end":{"line":98,"column":53}},{"start":{"line":98,"column":53},"end":{"line":98,"column":71}}],"line":98},"6":{"loc":{"start":{"line":119,"column":6},"end":{"line":119,"column":68}},"type":"binary-expr","locations":[{"start":{"line":119,"column":6},"end":{"line":119,"column":33}},{"start":{"line":119,"column":33},"end":{"line":119,"column":68}}],"line":119},"7":{"loc":{"start":{"line":122,"column":41},"end":{"line":122,"column":73}},"type":"binary-expr","locations":[{"start":{"line":122,"column":41},"end":{"line":122,"column":62}},{"start":{"line":122,"column":62},"end":{"line":122,"column":73}}],"line":122},"8":{"loc":{"start":{"line":142,"column":2},"end":{"line":142,"column":null}},"type":"if","locations":[{"start":{"line":142,"column":2},"end":{"line":142,"column":null}},{"start":{},"end":{}}],"line":142},"9":{"loc":{"start":{"line":142,"column":6},"end":{"line":142,"column":42}},"type":"binary-expr","locations":[{"start":{"line":142,"column":6},"end":{"line":142,"column":19}},{"start":{"line":142,"column":19},"end":{"line":142,"column":42}}],"line":142},"10":{"loc":{"start":{"line":150,"column":6},"end":{"line":150,"column":49}},"type":"binary-expr","locations":[{"start":{"line":150,"column":6},"end":{"line":150,"column":19}},{"start":{"line":150,"column":19},"end":{"line":150,"column":49}}],"line":150},"11":{"loc":{"start":{"line":151,"column":21},"end":{"line":151,"column":null}},"type":"binary-expr","locations":[{"start":{"line":151,"column":21},"end":{"line":151,"column":40}},{"start":{"line":151,"column":40},"end":{"line":151,"column":null}}],"line":151},"12":{"loc":{"start":{"line":157,"column":6},"end":{"line":157,"column":null}},"type":"if","locations":[{"start":{"line":157,"column":6},"end":{"line":157,"column":null}},{"start":{},"end":{}}],"line":157},"13":{"loc":{"start":{"line":161,"column":25},"end":{"line":161,"column":null}},"type":"binary-expr","locations":[{"start":{"line":161,"column":25},"end":{"line":161,"column":39}},{"start":{"line":161,"column":39},"end":{"line":161,"column":null}}],"line":161},"14":{"loc":{"start":{"line":165,"column":14},"end":{"line":165,"column":53}},"type":"binary-expr","locations":[{"start":{"line":165,"column":14},"end":{"line":165,"column":42}},{"start":{"line":165,"column":42},"end":{"line":165,"column":53}}],"line":165},"15":{"loc":{"start":{"line":176,"column":4},"end":{"line":176,"column":null}},"type":"if","locations":[{"start":{"line":176,"column":4},"end":{"line":176,"column":null}},{"start":{},"end":{}}],"line":176},"16":{"loc":{"start":{"line":184,"column":4},"end":{"line":184,"column":null}},"type":"if","locations":[{"start":{"line":184,"column":4},"end":{"line":184,"column":null}},{"start":{},"end":{}}],"line":184},"17":{"loc":{"start":{"line":185,"column":11},"end":{"line":185,"column":103}},"type":"cond-expr","locations":[{"start":{"line":185,"column":55},"end":{"line":185,"column":98}},{"start":{"line":185,"column":101},"end":{"line":185,"column":103}}],"line":185},"18":{"loc":{"start":{"line":207,"column":10},"end":{"line":207,"column":52}},"type":"binary-expr","locations":[{"start":{"line":207,"column":10},"end":{"line":207,"column":19}},{"start":{"line":207,"column":19},"end":{"line":207,"column":52}}],"line":207},"19":{"loc":{"start":{"line":254,"column":21},"end":{"line":254,"column":null}},"type":"binary-expr","locations":[{"start":{"line":254,"column":21},"end":{"line":254,"column":31}},{"start":{"line":254,"column":31},"end":{"line":254,"column":null}}],"line":254},"20":{"loc":{"start":{"line":256,"column":27},"end":{"line":256,"column":null}},"type":"cond-expr","locations":[{"start":{"line":256,"column":37},"end":{"line":256,"column":54}},{"start":{"line":256,"column":54},"end":{"line":256,"column":null}}],"line":256},"21":{"loc":{"start":{"line":272,"column":2},"end":{"line":272,"column":null}},"type":"if","locations":[{"start":{"line":272,"column":2},"end":{"line":272,"column":null}},{"start":{},"end":{}}],"line":272},"22":{"loc":{"start":{"line":314,"column":2},"end":{"line":314,"column":null}},"type":"if","locations":[{"start":{"line":314,"column":2},"end":{"line":314,"column":null}},{"start":{},"end":{}}],"line":314},"23":{"loc":{"start":{"line":316,"column":9},"end":{"line":316,"column":null}},"type":"cond-expr","locations":[{"start":{"line":316,"column":19},"end":{"line":316,"column":65}},{"start":{"line":316,"column":65},"end":{"line":316,"column":null}}],"line":316},"24":{"loc":{"start":{"line":316,"column":19},"end":{"line":316,"column":65}},"type":"cond-expr","locations":[{"start":{"line":316,"column":38},"end":{"line":316,"column":50}},{"start":{"line":316,"column":50},"end":{"line":316,"column":65}}],"line":316},"25":{"loc":{"start":{"line":370,"column":10},"end":{"line":336,"column":13}},"type":"binary-expr","locations":[{"start":{"line":370,"column":10},"end":{"line":370,"column":null}},{"start":{"line":370,"column":10},"end":{"line":336,"column":13}}],"line":370},"26":{"loc":{"start":{"line":340,"column":14},"end":{"line":338,"column":53}},"type":"binary-expr","locations":[{"start":{"line":340,"column":14},"end":{"line":340,"column":null}},{"start":{"line":340,"column":14},"end":{"line":338,"column":53}}],"line":340},"27":{"loc":{"start":{"line":339,"column":26},"end":{"line":339,"column":35}},"type":"binary-expr","locations":[{"start":{"line":339,"column":26},"end":{"line":339,"column":33}},{"start":{"line":339,"column":26},"end":{"line":339,"column":35}}],"line":339},"28":{"loc":{"start":{"line":357,"column":14},"end":{"line":342,"column":49}},"type":"binary-expr","locations":[{"start":{"line":357,"column":14},"end":{"line":357,"column":null}},{"start":{"line":357,"column":14},"end":{"line":342,"column":49}}],"line":357},"29":{"loc":{"start":{"line":344,"column":18},"end":{"line":352,"column":null}},"type":"cond-expr","locations":[{"start":{"line":344,"column":28},"end":{"line":350,"column":null}},{"start":{"line":350,"column":10},"end":{"line":352,"column":null}}],"line":344},"30":{"loc":{"start":{"line":345,"column":20},"end":{"line":345,"column":null}},"type":"binary-expr","locations":[{"start":{"line":345,"column":20},"end":{"line":345,"column":47}},{"start":{"line":345,"column":47},"end":{"line":345,"column":null}}],"line":345},"31":{"loc":{"start":{"line":352,"column":21},"end":{"line":352,"column":null}},"type":"binary-expr","locations":[{"start":{"line":352,"column":21},"end":{"line":352,"column":27}},{"start":{"line":352,"column":21},"end":{"line":352,"column":null}}],"line":352},"32":{"loc":{"start":{"line":361,"column":15},"end":{"line":361,"column":null}},"type":"cond-expr","locations":[{"start":{"line":361,"column":22},"end":{"line":361,"column":null}},{"start":{"line":361,"column":22},"end":{"line":361,"column":null}}],"line":361},"33":{"loc":{"start":{"line":365,"column":19},"end":{"line":367,"column":null}},"type":"cond-expr","locations":[{"start":{"line":365,"column":19},"end":{"line":367,"column":null}},{"start":{"line":367,"column":18},"end":{"line":367,"column":null}}],"line":365},"34":{"loc":{"start":{"line":368,"column":14},"end":{"line":366,"column":50}},"type":"binary-expr","locations":[{"start":{"line":368,"column":14},"end":{"line":368,"column":null}},{"start":{"line":368,"column":14},"end":{"line":366,"column":50}}],"line":368},"35":{"loc":{"start":{"line":375,"column":33},"end":{"line":376,"column":60}},"type":"binary-expr","locations":[{"start":{"line":375,"column":33},"end":{"line":375,"column":41}},{"start":{"line":375,"column":33},"end":{"line":376,"column":60}}],"line":375},"36":{"loc":{"start":{"line":379,"column":10},"end":{"line":379,"column":48}},"type":"binary-expr","locations":[{"start":{"line":379,"column":10},"end":{"line":379,"column":16}},{"start":{"line":379,"column":10},"end":{"line":379,"column":48}}],"line":379},"37":{"loc":{"start":{"line":381,"column":10},"end":{"line":381,"column":48}},"type":"binary-expr","locations":[{"start":{"line":381,"column":10},"end":{"line":381,"column":16}},{"start":{"line":381,"column":10},"end":{"line":381,"column":48}}],"line":381},"38":{"loc":{"start":{"line":392,"column":23},"end":{"line":392,"column":80}},"type":"binary-expr","locations":[{"start":{"line":392,"column":23},"end":{"line":392,"column":60}},{"start":{"line":392,"column":60},"end":{"line":392,"column":80}}],"line":392},"39":{"loc":{"start":{"line":392,"column":122},"end":{"line":392,"column":null}},"type":"cond-expr","locations":[{"start":{"line":392,"column":134},"end":{"line":392,"column":173}},{"start":{"line":392,"column":173},"end":{"line":392,"column":null}}],"line":392},"40":{"loc":{"start":{"line":396,"column":28},"end":{"line":397,"column":null}},"type":"cond-expr","locations":[{"start":{"line":396,"column":28},"end":{"line":397,"column":null}},{"start":{"line":397,"column":60},"end":{"line":397,"column":null}}],"line":396},"41":{"loc":{"start":{"line":397,"column":21},"end":{"line":397,"column":null}},"type":"cond-expr","locations":[{"start":{"line":397,"column":60},"end":{"line":397,"column":null}},{"start":{"line":397,"column":60},"end":{"line":397,"column":null}}],"line":397},"42":{"loc":{"start":{"line":401,"column":50},"end":{"line":404,"column":72}},"type":"cond-expr","locations":[{"start":{"line":401,"column":69},"end":{"line":402,"column":19}},{"start":{"line":402,"column":14},"end":{"line":404,"column":72}}],"line":401},"43":{"loc":{"start":{"line":403,"column":28},"end":{"line":404,"column":72}},"type":"cond-expr","locations":[{"start":{"line":403,"column":51},"end":{"line":403,"column":98}},{"start":{"line":403,"column":98},"end":{"line":404,"column":65}}],"line":403},"44":{"loc":{"start":{"line":462,"column":20},"end":{"line":454,"column":null}},"type":"cond-expr","locations":[{"start":{"line":408,"column":115},"end":{"line":438,"column":46}},{"start":{"line":438,"column":37},"end":{"line":454,"column":null}}],"line":462},"45":{"loc":{"start":{"line":437,"column":27},"end":{"line":409,"column":147}},"type":"binary-expr","locations":[{"start":{"line":437,"column":27},"end":{"line":409,"column":61}},{"start":{"line":409,"column":61},"end":{"line":409,"column":105}},{"start":{"line":409,"column":105},"end":{"line":409,"column":147}}],"line":437},"46":{"loc":{"start":{"line":413,"column":47},"end":{"line":413,"column":167}},"type":"cond-expr","locations":[{"start":{"line":413,"column":117},"end":{"line":413,"column":143}},{"start":{"line":413,"column":143},"end":{"line":413,"column":167}}],"line":413},"47":{"loc":{"start":{"line":413,"column":47},"end":{"line":413,"column":117}},"type":"binary-expr","locations":[{"start":{"line":413,"column":47},"end":{"line":413,"column":77}},{"start":{"line":413,"column":77},"end":{"line":413,"column":117}}],"line":413},"48":{"loc":{"start":{"line":416,"column":34},"end":{"line":429,"column":null}},"type":"cond-expr","locations":[{"start":{"line":416,"column":57},"end":{"line":420,"column":null}},{"start":{"line":420,"column":66},"end":{"line":429,"column":null}}],"line":416},"49":{"loc":{"start":{"line":438,"column":37},"end":{"line":454,"column":null}},"type":"cond-expr","locations":[{"start":{"line":438,"column":60},"end":{"line":453,"column":null}},{"start":{"line":453,"column":19},"end":{"line":454,"column":null}}],"line":438},"50":{"loc":{"start":{"line":469,"column":22},"end":{"line":469,"column":145}},"type":"cond-expr","locations":[{"start":{"line":469,"column":50},"end":{"line":469,"column":136}},{"start":{"line":469,"column":136},"end":{"line":469,"column":145}}],"line":469},"51":{"loc":{"start":{"line":469,"column":22},"end":{"line":469,"column":62}},"type":"binary-expr","locations":[{"start":{"line":469,"column":22},"end":{"line":469,"column":50}},{"start":{"line":469,"column":41},"end":{"line":469,"column":62}}],"line":469},"52":{"loc":{"start":{"line":470,"column":8},"end":{"line":470,"column":34}},"type":"binary-expr","locations":[{"start":{"line":470,"column":8},"end":{"line":470,"column":13}},{"start":{"line":470,"column":8},"end":{"line":470,"column":34}}],"line":470},"53":{"loc":{"start":{"line":471,"column":22},"end":{"line":475,"column":97}},"type":"cond-expr","locations":[{"start":{"line":471,"column":68},"end":{"line":471,"column":153}},{"start":{"line":471,"column":153},"end":{"line":475,"column":97}}],"line":471},"54":{"loc":{"start":{"line":471,"column":22},"end":{"line":471,"column":80}},"type":"binary-expr","locations":[{"start":{"line":471,"column":22},"end":{"line":471,"column":68}},{"start":{"line":471,"column":59},"end":{"line":471,"column":80}}],"line":471},"55":{"loc":{"start":{"line":471,"column":153},"end":{"line":475,"column":97}},"type":"cond-expr","locations":[{"start":{"line":472,"column":28},"end":{"line":473,"column":null}},{"start":{"line":473,"column":20},"end":{"line":475,"column":88}}],"line":471},"56":{"loc":{"start":{"line":473,"column":13},"end":{"line":473,"column":null}},"type":"cond-expr","locations":[{"start":{"line":473,"column":20},"end":{"line":473,"column":null}},{"start":{"line":473,"column":20},"end":{"line":473,"column":null}}],"line":473},"57":{"loc":{"start":{"line":479,"column":17},"end":{"line":479,"column":54}},"type":"binary-expr","locations":[{"start":{"line":479,"column":17},"end":{"line":479,"column":21}},{"start":{"line":479,"column":21},"end":{"line":479,"column":35}},{"start":{"line":479,"column":35},"end":{"line":479,"column":54}}],"line":479},"58":{"loc":{"start":{"line":481,"column":10},"end":{"line":481,"column":42}},"type":"binary-expr","locations":[{"start":{"line":481,"column":10},"end":{"line":481,"column":14}},{"start":{"line":481,"column":10},"end":{"line":481,"column":42}}],"line":481},"59":{"loc":{"start":{"line":482,"column":10},"end":{"line":482,"column":67}},"type":"binary-expr","locations":[{"start":{"line":482,"column":10},"end":{"line":482,"column":13}},{"start":{"line":482,"column":10},"end":{"line":482,"column":67}}],"line":482},"60":{"loc":{"start":{"line":489,"column":10},"end":{"line":489,"column":35}},"type":"binary-expr","locations":[{"start":{"line":489,"column":10},"end":{"line":489,"column":14}},{"start":{"line":489,"column":10},"end":{"line":489,"column":35}}],"line":489},"61":{"loc":{"start":{"line":491,"column":24},"end":{"line":491,"column":55}},"type":"binary-expr","locations":[{"start":{"line":491,"column":24},"end":{"line":491,"column":26}},{"start":{"line":491,"column":24},"end":{"line":491,"column":55}}],"line":491}},"s":{"0":1,"1":3,"2":3,"3":3,"4":3,"5":3,"6":3,"7":0,"8":3,"9":3,"10":3,"11":3,"12":3,"13":3,"14":3,"15":3,"16":3,"17":3,"18":3,"19":0,"20":0,"21":0,"22":0,"23":0,"24":2,"25":2,"26":0,"27":0,"28":0,"29":3,"30":3,"31":3,"32":3,"33":0,"34":0,"35":3,"36":3,"37":0,"38":0,"39":0,"40":0,"41":0,"42":3,"43":3,"44":0,"45":3,"46":3,"47":3,"48":3,"49":0,"50":3,"51":3,"52":3,"53":3,"54":3,"55":0,"56":0,"57":3,"58":3,"59":0,"60":0,"61":0,"62":0,"63":3,"64":3,"65":3,"66":3,"67":3,"68":0,"69":0,"70":0,"71":3,"72":1,"73":2,"74":0,"75":2,"76":0,"77":0,"78":0,"79":0,"80":11,"81":11,"82":11,"83":0,"84":0,"85":0,"86":0,"87":3,"88":9,"89":2,"90":2,"91":2,"92":2,"93":0,"94":0,"95":2,"96":2,"97":2,"98":2,"99":0,"100":0,"101":0,"102":0,"103":0,"104":2,"105":2,"106":0,"107":0,"108":2,"109":1,"110":0,"111":1,"112":1,"113":1,"114":0,"115":1,"116":1,"117":1,"118":1,"119":1,"120":1,"121":0,"122":0,"123":0,"124":1,"125":0,"126":3,"127":0,"128":3,"129":3,"130":3,"131":12,"132":0,"133":12,"134":1,"135":1,"136":1,"137":1,"138":1,"139":1,"140":1,"141":1,"142":1,"143":1,"144":1,"145":1,"146":1,"147":1,"148":1,"149":1,"150":1,"151":1,"152":2,"153":0,"154":0,"155":1,"156":0,"157":0,"158":0,"159":0},"f":{"0":3,"1":0,"2":3,"3":0,"4":3,"5":0,"6":0,"7":3,"8":3,"9":0,"10":3,"11":11,"12":0,"13":9,"14":2,"15":1,"16":3,"17":2,"18":0,"19":0,"20":1,"21":0,"22":0,"23":0},"b":{"0":[3,3],"1":[0,3],"2":[3,0],"3":[0,0],"4":[0,0,0],"5":[0,0,0],"6":[3,0],"7":[0,0],"8":[0,3],"9":[3,3],"10":[3,3],"11":[0,0],"12":[0,3],"13":[0,0],"14":[3,3],"15":[0,0],"16":[0,2],"17":[2,0],"18":[0,0],"19":[0,0],"20":[0,0],"21":[0,1],"22":[0,3],"23":[3,0],"24":[3,0],"25":[7,3],"26":[7,3],"27":[7,3],"28":[7,3],"29":[0,7],"30":[0,0],"31":[7,3],"32":[2,5],"33":[0,7],"34":[0,0],"35":[5,2],"36":[1,1],"37":[1,1],"38":[5,5],"39":[1,4],"40":[1,4],"41":[1,0],"42":[5,0],"43":[0,0],"44":[5,0],"45":[5,5,0],"46":[5,0],"47":[5,5],"48":[0,12],"49":[0,0],"50":[0,5],"51":[5,0],"52":[5,2],"53":[0,5],"54":[5,0],"55":[4,1],"56":[1,3],"57":[5,5,4],"58":[0,0],"59":[0,0],"60":[0,0],"61":[0,0]},"meta":{"lastBranch":0,"lastFunction":0,"lastStatement":0,"seen":{}}}
,"D:\\Universal-Question-Bank-Paper-System\\frontend\\src\\views\\LoginView.vue": {"path":"D:\\Universal-Question-Bank-Paper-System\\frontend\\src\\views\\LoginView.vue","statementMap":{"0":{"start":{"line":7,"column":6},"end":{"line":7,"column":24}},"1":{"start":{"line":8,"column":6},"end":{"line":8,"column":24}},"2":{"start":{"line":9,"column":6},"end":{"line":9,"column":21}},"3":{"start":{"line":10,"column":6},"end":{"line":10,"column":26}},"4":{"start":{"line":14,"column":21},"end":{"line":17,"column":6}},"5":{"start":{"line":18,"column":18},"end":{"line":18,"column":null}},"6":{"start":{"line":20,"column":6},"end":{"line":20,"column":null}},"7":{"start":{"line":21,"column":6},"end":{"line":21,"column":null}},"8":{"start":{"line":24,"column":4},"end":{"line":24,"column":null}},"9":{"start":{"line":25,"column":4},"end":{"line":25,"column":null}},"10":{"start":{"line":31,"column":7},"end":{"line":31,"column":28}},"11":{"start":{"line":32,"column":9},"end":{"line":32,"column":44}},"12":{"start":{"line":40,"column":13},"end":{"line":40,"column":31}},"13":{"start":{"line":43,"column":13},"end":{"line":43,"column":31}},"14":{"start":{"line":47,"column":13},"end":{"line":47,"column":28}},"15":{"start":{"line":41,"column":40},"end":{"line":41,"column":50}},"16":{"start":{"line":44,"column":40},"end":{"line":44,"column":50}},"17":{"start":{"line":48,"column":75},"end":{"line":48,"column":89}}},"fnMap":{"0":{"name":"(anonymous_0)","decl":{"start":{"line":41,"column":40},"end":{"line":41,"column":48}},"loc":{"start":{"line":41,"column":40},"end":{"line":41,"column":50}},"line":41},"1":{"name":"(anonymous_1)","decl":{"start":{"line":44,"column":40},"end":{"line":44,"column":48}},"loc":{"start":{"line":44,"column":40},"end":{"line":44,"column":50}},"line":44},"2":{"name":"(anonymous_2)","decl":{"start":{"line":48,"column":75},"end":{"line":48,"column":89}},"loc":{"start":{"line":48,"column":75},"end":{"line":48,"column":89}},"line":48}},"branchMap":{"0":{"loc":{"start":{"line":36,"column":6},"end":{"line":36,"column":22}},"type":"binary-expr","locations":[{"start":{"line":36,"column":6},"end":{"line":36,"column":10}},{"start":{"line":36,"column":6},"end":{"line":36,"column":22}}],"line":36},"1":{"loc":{"start":{"line":37,"column":6},"end":{"line":37,"column":58}},"type":"binary-expr","locations":[{"start":{"line":37,"column":6},"end":{"line":37,"column":9}},{"start":{"line":37,"column":6},"end":{"line":37,"column":58}}],"line":37},"2":{"loc":{"start":{"line":41,"column":40},"end":{"line":41,"column":50}},"type":"binary-expr","locations":[{"start":{"line":41,"column":40},"end":{"line":41,"column":48}},{"start":{"line":41,"column":40},"end":{"line":41,"column":50}}],"line":41},"3":{"loc":{"start":{"line":44,"column":40},"end":{"line":44,"column":50}},"type":"binary-expr","locations":[{"start":{"line":44,"column":40},"end":{"line":44,"column":48}},{"start":{"line":44,"column":40},"end":{"line":44,"column":50}}],"line":44},"4":{"loc":{"start":{"line":48,"column":75},"end":{"line":48,"column":89}},"type":"binary-expr","locations":[{"start":{"line":48,"column":75},"end":{"line":48,"column":89}},{"start":{"line":48,"column":75},"end":{"line":48,"column":89}}],"line":48},"5":{"loc":{"start":{"line":49,"column":10},"end":{"line":49,"column":65}},"type":"binary-expr","locations":[{"start":{"line":49,"column":10},"end":{"line":49,"column":18}},{"start":{"line":49,"column":10},"end":{"line":49,"column":65}}],"line":49},"6":{"loc":{"start":{"line":52,"column":17},"end":{"line":52,"column":53}},"type":"cond-expr","locations":[{"start":{"line":52,"column":17},"end":{"line":52,"column":53}},{"start":{"line":52,"column":46},"end":{"line":52,"column":53}}],"line":52}},"s":{"0":1,"1":1,"2":1,"3":1,"4":0,"5":0,"6":0,"7":0,"8":0,"9":0,"10":1,"11":1,"12":1,"13":1,"14":1,"15":0,"16":0,"17":1},"f":{"0":0,"1":0,"2":1},"b":{"0":[1,1],"1":[1,1],"2":[1,1],"3":[1,1],"4":[1,1],"5":[1,1],"6":[0,1]},"meta":{"lastBranch":0,"lastFunction":0,"lastStatement":0,"seen":{}}}
,"D:\\Universal-Question-Bank-Paper-System\\frontend\\src\\views\\PaperGenerationView.vue": {"path":"D:\\Universal-Question-Bank-Paper-System\\frontend\\src\\views\\PaperGenerationView.vue","statementMap":{"0":{"start":{"line":22,"column":6},"end":{"line":22,"column":26}},"1":{"start":{"line":23,"column":6},"end":{"line":34,"column":2}},"2":{"start":{"line":36,"column":6},"end":{"line":36,"column":54}},"3":{"start":{"line":37,"column":6},"end":{"line":37,"column":26}},"4":{"start":{"line":38,"column":6},"end":{"line":38,"column":23}},"5":{"start":{"line":39,"column":6},"end":{"line":39,"column":21}},"6":{"start":{"line":42,"column":2},"end":{"line":42,"column":null}},"7":{"start":{"line":43,"column":2},"end":{"line":43,"column":null}},"8":{"start":{"line":44,"column":2},"end":{"line":44,"column":null}},"9":{"start":{"line":45,"column":2},"end":{"line":45,"column":null}},"10":{"start":{"line":48,"column":18},"end":{"line":48,"column":47}},"11":{"start":{"line":51,"column":43},"end":{"line":51,"column":45}},"12":{"start":{"line":52,"column":28},"end":{"line":52,"column":null}},"13":{"start":{"line":55,"column":8},"end":{"line":55,"column":null}},"14":{"start":{"line":56,"column":8},"end":{"line":56,"column":null}},"15":{"start":{"line":60,"column":20},"end":{"line":65,"column":null}},"16":{"start":{"line":67,"column":21},"end":{"line":71,"column":6}},"17":{"start":{"line":72,"column":4},"end":{"line":72,"column":null}},"18":{"start":{"line":73,"column":4},"end":{"line":73,"column":null}},"19":{"start":{"line":75,"column":4},"end":{"line":75,"column":null}},"20":{"start":{"line":76,"column":4},"end":{"line":76,"column":null}},"21":{"start":{"line":78,"column":4},"end":{"line":78,"column":null}},"22":{"start":{"line":84,"column":4},"end":{"line":84,"column":null}},"23":{"start":{"line":90,"column":4},"end":{"line":90,"column":null}},"24":{"start":{"line":96,"column":7},"end":{"line":96,"column":24}},"25":{"start":{"line":97,"column":9},"end":{"line":97,"column":44}},"26":{"start":{"line":104,"column":13},"end":{"line":104,"column":30}},"27":{"start":{"line":105,"column":15},"end":{"line":105,"column":33}},"28":{"start":{"line":110,"column":15},"end":{"line":110,"column":33}},"29":{"start":{"line":115,"column":15},"end":{"line":115,"column":33}},"30":{"start":{"line":117,"column":17},"end":{"line":117,"column":39}},"31":{"start":{"line":128,"column":13},"end":{"line":128,"column":38}},"32":{"start":{"line":131,"column":15},"end":{"line":131,"column":32}},"33":{"start":{"line":132,"column":17},"end":{"line":132,"column":35}},"34":{"start":{"line":136,"column":17},"end":{"line":136,"column":35}},"35":{"start":{"line":140,"column":17},"end":{"line":140,"column":35}},"36":{"start":{"line":144,"column":17},"end":{"line":144,"column":35}},"37":{"start":{"line":148,"column":17},"end":{"line":148,"column":35}},"38":{"start":{"line":155,"column":13},"end":{"line":155,"column":33}},"39":{"start":{"line":173,"column":11},"end":{"line":173,"column":32}},"40":{"start":{"line":174,"column":13},"end":{"line":174,"column":35}},"41":{"start":{"line":176,"column":13},"end":{"line":176,"column":25}},"42":{"start":{"line":184,"column":11},"end":{"line":184,"column":33}},"43":{"start":{"line":186,"column":15},"end":{"line":186,"column":30}},"44":{"start":{"line":187,"column":15},"end":{"line":187,"column":32}},"45":{"start":{"line":188,"column":17},"end":{"line":188,"column":31}},"46":{"start":{"line":189,"column":20},"end":{"line":189,"column":37}},"47":{"start":{"line":191,"column":20},"end":{"line":191,"column":35}},"48":{"start":{"line":194,"column":15},"end":{"line":194,"column":27}},"49":{"start":{"line":107,"column":28},"end":{"line":107,"column":40}},"50":{"start":{"line":112,"column":35},"end":{"line":112,"column":47}},"51":{"start":{"line":118,"column":31},"end":{"line":118,"column":48}},"52":{"start":{"line":134,"column":37},"end":{"line":134,"column":68}},"53":{"start":{"line":138,"column":37},"end":{"line":138,"column":67}},"54":{"start":{"line":142,"column":37},"end":{"line":142,"column":65}},"55":{"start":{"line":146,"column":37},"end":{"line":146,"column":65}},"56":{"start":{"line":150,"column":37},"end":{"line":150,"column":67}}},"fnMap":{"0":{"name":"(anonymous_0)","decl":{"start":{"line":107,"column":28},"end":{"line":107,"column":33}},"loc":{"start":{"line":107,"column":28},"end":{"line":107,"column":40}},"line":107},"1":{"name":"(anonymous_1)","decl":{"start":{"line":112,"column":35},"end":{"line":112,"column":40}},"loc":{"start":{"line":112,"column":35},"end":{"line":112,"column":47}},"line":112},"2":{"name":"(anonymous_2)","decl":{"start":{"line":118,"column":31},"end":{"line":118,"column":36}},"loc":{"start":{"line":118,"column":31},"end":{"line":118,"column":48}},"line":118},"3":{"name":"(anonymous_3)","decl":{"start":{"line":134,"column":37},"end":{"line":134,"column":42}},"loc":{"start":{"line":134,"column":37},"end":{"line":134,"column":68}},"line":134},"4":{"name":"(anonymous_4)","decl":{"start":{"line":138,"column":37},"end":{"line":138,"column":42}},"loc":{"start":{"line":138,"column":37},"end":{"line":138,"column":67}},"line":138},"5":{"name":"(anonymous_5)","decl":{"start":{"line":142,"column":37},"end":{"line":142,"column":42}},"loc":{"start":{"line":142,"column":37},"end":{"line":142,"column":65}},"line":142},"6":{"name":"(anonymous_6)","decl":{"start":{"line":146,"column":37},"end":{"line":146,"column":42}},"loc":{"start":{"line":146,"column":37},"end":{"line":146,"column":65}},"line":146},"7":{"name":"(anonymous_7)","decl":{"start":{"line":150,"column":37},"end":{"line":150,"column":42}},"loc":{"start":{"line":150,"column":37},"end":{"line":150,"column":67}},"line":150}},"branchMap":{"0":{"loc":{"start":{"line":64,"column":18},"end":{"line":64,"column":null}},"type":"cond-expr","locations":[{"start":{"line":64,"column":38},"end":{"line":64,"column":47}},{"start":{"line":64,"column":47},"end":{"line":64,"column":null}}],"line":64},"1":{"loc":{"start":{"line":108,"column":16},"end":{"line":106,"column":58}},"type":"binary-expr","locations":[{"start":{"line":108,"column":16},"end":{"line":108,"column":null}},{"start":{"line":108,"column":16},"end":{"line":106,"column":58}}],"line":108},"2":{"loc":{"start":{"line":107,"column":28},"end":{"line":107,"column":40}},"type":"binary-expr","locations":[{"start":{"line":107,"column":28},"end":{"line":107,"column":33}},{"start":{"line":107,"column":28},"end":{"line":107,"column":40}}],"line":107},"3":{"loc":{"start":{"line":113,"column":16},"end":{"line":111,"column":62}},"type":"binary-expr","locations":[{"start":{"line":113,"column":16},"end":{"line":113,"column":null}},{"start":{"line":113,"column":16},"end":{"line":111,"column":62}}],"line":113},"4":{"loc":{"start":{"line":112,"column":35},"end":{"line":112,"column":47}},"type":"binary-expr","locations":[{"start":{"line":112,"column":35},"end":{"line":112,"column":40}},{"start":{"line":112,"column":35},"end":{"line":112,"column":47}}],"line":112},"5":{"loc":{"start":{"line":125,"column":16},"end":{"line":116,"column":64}},"type":"binary-expr","locations":[{"start":{"line":125,"column":16},"end":{"line":125,"column":null}},{"start":{"line":125,"column":16},"end":{"line":116,"column":64}}],"line":125},"6":{"loc":{"start":{"line":118,"column":31},"end":{"line":118,"column":48}},"type":"binary-expr","locations":[{"start":{"line":118,"column":31},"end":{"line":118,"column":36}},{"start":{"line":118,"column":31},"end":{"line":118,"column":48}}],"line":118},"7":{"loc":{"start":{"line":129,"column":10},"end":{"line":129,"column":46}},"type":"binary-expr","locations":[{"start":{"line":129,"column":10},"end":{"line":129,"column":14}},{"start":{"line":129,"column":10},"end":{"line":129,"column":46}}],"line":129},"8":{"loc":{"start":{"line":130,"column":10},"end":{"line":130,"column":73}},"type":"binary-expr","locations":[{"start":{"line":130,"column":10},"end":{"line":130,"column":13}},{"start":{"line":130,"column":10},"end":{"line":130,"column":73}}],"line":130},"9":{"loc":{"start":{"line":135,"column":18},"end":{"line":133,"column":62}},"type":"binary-expr","locations":[{"start":{"line":135,"column":18},"end":{"line":135,"column":null}},{"start":{"line":135,"column":18},"end":{"line":133,"column":62}}],"line":135},"10":{"loc":{"start":{"line":134,"column":37},"end":{"line":134,"column":68}},"type":"binary-expr","locations":[{"start":{"line":134,"column":37},"end":{"line":134,"column":42}},{"start":{"line":134,"column":37},"end":{"line":134,"column":68}}],"line":134},"11":{"loc":{"start":{"line":139,"column":18},"end":{"line":137,"column":61}},"type":"binary-expr","locations":[{"start":{"line":139,"column":18},"end":{"line":139,"column":null}},{"start":{"line":139,"column":18},"end":{"line":137,"column":61}}],"line":139},"12":{"loc":{"start":{"line":138,"column":37},"end":{"line":138,"column":67}},"type":"binary-expr","locations":[{"start":{"line":138,"column":37},"end":{"line":138,"column":42}},{"start":{"line":138,"column":37},"end":{"line":138,"column":67}}],"line":138},"13":{"loc":{"start":{"line":143,"column":18},"end":{"line":141,"column":59}},"type":"binary-expr","locations":[{"start":{"line":143,"column":18},"end":{"line":143,"column":null}},{"start":{"line":143,"column":18},"end":{"line":141,"column":59}}],"line":143},"14":{"loc":{"start":{"line":142,"column":37},"end":{"line":142,"column":65}},"type":"binary-expr","locations":[{"start":{"line":142,"column":37},"end":{"line":142,"column":42}},{"start":{"line":142,"column":37},"end":{"line":142,"column":65}}],"line":142},"15":{"loc":{"start":{"line":147,"column":18},"end":{"line":145,"column":59}},"type":"binary-expr","locations":[{"start":{"line":147,"column":18},"end":{"line":147,"column":null}},{"start":{"line":147,"column":18},"end":{"line":145,"column":59}}],"line":147},"16":{"loc":{"start":{"line":146,"column":37},"end":{"line":146,"column":65}},"type":"binary-expr","locations":[{"start":{"line":146,"column":37},"end":{"line":146,"column":42}},{"start":{"line":146,"column":37},"end":{"line":146,"column":65}}],"line":146},"17":{"loc":{"start":{"line":151,"column":18},"end":{"line":149,"column":61}},"type":"binary-expr","locations":[{"start":{"line":151,"column":18},"end":{"line":151,"column":null}},{"start":{"line":151,"column":18},"end":{"line":149,"column":61}}],"line":151},"18":{"loc":{"start":{"line":150,"column":37},"end":{"line":150,"column":67}},"type":"binary-expr","locations":[{"start":{"line":150,"column":37},"end":{"line":150,"column":42}},{"start":{"line":150,"column":37},"end":{"line":150,"column":67}}],"line":150},"19":{"loc":{"start":{"line":157,"column":15},"end":{"line":157,"column":null}},"type":"cond-expr","locations":[{"start":{"line":157,"column":22},"end":{"line":157,"column":null}},{"start":{"line":157,"column":22},"end":{"line":157,"column":null}}],"line":157},"20":{"loc":{"start":{"line":162,"column":17},"end":{"line":164,"column":null}},"type":"cond-expr","locations":[{"start":{"line":162,"column":17},"end":{"line":164,"column":null}},{"start":{"line":164,"column":18},"end":{"line":164,"column":null}}],"line":162},"21":{"loc":{"start":{"line":165,"column":12},"end":{"line":163,"column":55}},"type":"binary-expr","locations":[{"start":{"line":165,"column":12},"end":{"line":165,"column":null}},{"start":{"line":165,"column":12},"end":{"line":163,"column":55}}],"line":165},"22":{"loc":{"start":{"line":166,"column":17},"end":{"line":168,"column":null}},"type":"cond-expr","locations":[{"start":{"line":166,"column":17},"end":{"line":168,"column":null}},{"start":{"line":168,"column":16},"end":{"line":168,"column":null}}],"line":166},"23":{"loc":{"start":{"line":169,"column":12},"end":{"line":167,"column":48}},"type":"binary-expr","locations":[{"start":{"line":169,"column":12},"end":{"line":169,"column":null}},{"start":{"line":169,"column":12},"end":{"line":167,"column":48}}],"line":169},"24":{"loc":{"start":{"line":193,"column":36},"end":{"line":193,"column":60}},"type":"cond-expr","locations":[{"start":{"line":193,"column":38},"end":{"line":193,"column":60}},{"start":{"line":193,"column":53},"end":{"line":193,"column":60}}],"line":193}},"s":{"0":3,"1":3,"2":3,"3":3,"4":3,"5":3,"6":2,"7":2,"8":2,"9":2,"10":2,"11":2,"12":2,"13":0,"14":0,"15":2,"16":2,"17":1,"18":1,"19":1,"20":1,"21":2,"22":0,"23":0,"24":1,"25":1,"26":1,"27":1,"28":1,"29":1,"30":1,"31":1,"32":1,"33":1,"34":1,"35":1,"36":1,"37":1,"38":1,"39":1,"40":1,"41":1,"42":1,"43":1,"44":1,"45":1,"46":1,"47":1,"48":1,"49":0,"50":0,"51":0,"52":0,"53":0,"54":0,"55":0,"56":0},"f":{"0":0,"1":0,"2":0,"3":0,"4":0,"5":0,"6":0,"7":0},"b":{"0":[0,2],"1":[7,3],"2":[7,3],"3":[7,3],"4":[7,3],"5":[7,3],"6":[7,3],"7":[7,3],"8":[7,3],"9":[7,3],"10":[7,3],"11":[7,3],"12":[7,3],"13":[7,3],"14":[7,3],"15":[7,3],"16":[7,3],"17":[7,3],"18":[7,3],"19":[2,5],"20":[1,6],"21":[1,1],"22":[1,6],"23":[1,1],"24":[0,1]},"meta":{"lastBranch":0,"lastFunction":0,"lastStatement":0,"seen":{}}}
,"D:\\Universal-Question-Bank-Paper-System\\frontend\\src\\views\\QuestionListView.vue": {"path":"D:\\Universal-Question-Bank-Paper-System\\frontend\\src\\views\\QuestionListView.vue","statementMap":{"0":{"start":{"line":10,"column":6},"end":{"line":10,"column":44}},"1":{"start":{"line":11,"column":6},"end":{"line":11,"column":26}},"2":{"start":{"line":12,"column":6},"end":{"line":12,"column":21}},"3":{"start":{"line":13,"column":6},"end":{"line":13,"column":19}},"4":{"start":{"line":14,"column":6},"end":{"line":14,"column":20}},"5":{"start":{"line":15,"column":6},"end":{"line":15,"column":28}},"6":{"start":{"line":16,"column":59},"end":{"line":16,"column":86}},"7":{"start":{"line":17,"column":6},"end":{"line":17,"column":26}},"8":{"start":{"line":18,"column":6},"end":{"line":18,"column":36}},"9":{"start":{"line":21,"column":6},"end":{"line":21,"column":44}},"10":{"start":{"line":22,"column":6},"end":{"line":22,"column":34}},"11":{"start":{"line":23,"column":6},"end":{"line":23,"column":40}},"12":{"start":{"line":24,"column":6},"end":{"line":24,"column":49}},"13":{"start":{"line":25,"column":6},"end":{"line":25,"column":73}},"14":{"start":{"line":27,"column":20},"end":{"line":34,"column":null}},"15":{"start":{"line":36,"column":26},"end":{"line":41,"column":null}},"16":{"start":{"line":43,"column":6},"end":{"line":48,"column":null}},"17":{"start":{"line":44,"column":2},"end":{"line":47,"column":null}},"18":{"start":{"line":46,"column":49},"end":{"line":46,"column":84}},"19":{"start":{"line":52,"column":21},"end":{"line":52,"column":65}},"20":{"start":{"line":53,"column":4},"end":{"line":53,"column":null}},"21":{"start":{"line":54,"column":4},"end":{"line":54,"column":null}},"22":{"start":{"line":56,"column":4},"end":{"line":56,"column":null}},"23":{"start":{"line":61,"column":48},"end":{"line":61,"column":50}},"24":{"start":{"line":63,"column":19},"end":{"line":63,"column":45}},"25":{"start":{"line":64,"column":4},"end":{"line":64,"column":null}},"26":{"start":{"line":66,"column":6},"end":{"line":66,"column":null}},"27":{"start":{"line":69,"column":2},"end":{"line":69,"column":null}},"28":{"start":{"line":73,"column":22},"end":{"line":73,"column":24}},"29":{"start":{"line":76,"column":6},"end":{"line":76,"column":null}},"30":{"start":{"line":78,"column":8},"end":{"line":78,"column":null}},"31":{"start":{"line":80,"column":6},"end":{"line":80,"column":null}},"32":{"start":{"line":83,"column":20},"end":{"line":83,"column":62}},"33":{"start":{"line":85,"column":8},"end":{"line":85,"column":null}},"34":{"start":{"line":89,"column":2},"end":{"line":89,"column":null}},"35":{"start":{"line":93,"column":22},"end":{"line":93,"column":24}},"36":{"start":{"line":95,"column":4},"end":{"line":95,"column":null}},"37":{"start":{"line":95,"column":18},"end":{"line":95,"column":null}},"38":{"start":{"line":97,"column":6},"end":{"line":97,"column":null}},"39":{"start":{"line":100,"column":2},"end":{"line":100,"column":null}},"40":{"start":{"line":104,"column":2},"end":{"line":104,"column":null}},"41":{"start":{"line":105,"column":2},"end":{"line":105,"column":null}},"42":{"start":{"line":107,"column":38},"end":{"line":107,"column":null}},"43":{"start":{"line":109,"column":6},"end":{"line":109,"column":null}},"44":{"start":{"line":112,"column":21},"end":{"line":118,"column":null}},"45":{"start":{"line":120,"column":4},"end":{"line":120,"column":null}},"46":{"start":{"line":121,"column":4},"end":{"line":121,"column":null}},"47":{"start":{"line":123,"column":4},"end":{"line":123,"column":null}},"48":{"start":{"line":124,"column":4},"end":{"line":124,"column":null}},"49":{"start":{"line":126,"column":4},"end":{"line":126,"column":null}},"50":{"start":{"line":132,"column":4},"end":{"line":132,"column":null}},"51":{"start":{"line":134,"column":4},"end":{"line":134,"column":null}},"52":{"start":{"line":138,"column":6},"end":{"line":141,"column":null}},"53":{"start":{"line":139,"column":2},"end":{"line":139,"column":null}},"54":{"start":{"line":139,"column":36},"end":{"line":139,"column":null}},"55":{"start":{"line":140,"column":2},"end":{"line":140,"column":null}},"56":{"start":{"line":140,"column":36},"end":{"line":140,"column":60}},"57":{"start":{"line":145,"column":4},"end":{"line":147,"column":null}},"58":{"start":{"line":146,"column":6},"end":{"line":146,"column":null}},"59":{"start":{"line":146,"column":16},"end":{"line":146,"column":null}},"60":{"start":{"line":149,"column":4},"end":{"line":151,"column":null}},"61":{"start":{"line":150,"column":6},"end":{"line":150,"column":null}},"62":{"start":{"line":150,"column":16},"end":{"line":150,"column":null}},"63":{"start":{"line":157,"column":4},"end":{"line":157,"column":null}},"64":{"start":{"line":159,"column":2},"end":{"line":159,"column":null}},"65":{"start":{"line":163,"column":2},"end":{"line":163,"column":null}},"66":{"start":{"line":167,"column":2},"end":{"line":167,"column":null}},"67":{"start":{"line":167,"column":66},"end":{"line":167,"column":null}},"68":{"start":{"line":169,"column":18},"end":{"line":169,"column":47}},"69":{"start":{"line":170,"column":4},"end":{"line":172,"column":null}},"70":{"start":{"line":174,"column":4},"end":{"line":174,"column":null}},"71":{"start":{"line":174,"column":50},"end":{"line":174,"column":62}},"72":{"start":{"line":175,"column":4},"end":{"line":175,"column":null}},"73":{"start":{"line":177,"column":4},"end":{"line":177,"column":null}},"74":{"start":{"line":178,"column":4},"end":{"line":178,"column":null}},"75":{"start":{"line":183,"column":2},"end":{"line":183,"column":null}},"76":{"start":{"line":183,"column":13},"end":{"line":183,"column":null}},"77":{"start":{"line":184,"column":14},"end":{"line":184,"column":43}},"78":{"start":{"line":185,"column":2},"end":{"line":185,"column":null}},"79":{"start":{"line":186,"column":2},"end":{"line":186,"column":null}},"80":{"start":{"line":189,"column":0},"end":{"line":195,"column":null}},"81":{"start":{"line":191,"column":4},"end":{"line":191,"column":null}},"82":{"start":{"line":193,"column":2},"end":{"line":193,"column":null}},"83":{"start":{"line":194,"column":2},"end":{"line":194,"column":null}},"84":{"start":{"line":197,"column":0},"end":{"line":200,"column":null}},"85":{"start":{"line":198,"column":2},"end":{"line":198,"column":null}},"86":{"start":{"line":199,"column":2},"end":{"line":199,"column":null}},"87":{"start":{"line":204,"column":7},"end":{"line":204,"column":48}},"88":{"start":{"line":205,"column":9},"end":{"line":205,"column":27}},"89":{"start":{"line":207,"column":11},"end":{"line":207,"column":33}},"90":{"start":{"line":221,"column":9},"end":{"line":221,"column":39}},"91":{"start":{"line":222,"column":11},"end":{"line":222,"column":31}},"92":{"start":{"line":229,"column":11},"end":{"line":229,"column":31}},"93":{"start":{"line":236,"column":11},"end":{"line":236,"column":31}},"94":{"start":{"line":246,"column":11},"end":{"line":246,"column":45}},"95":{"start":{"line":249,"column":13},"end":{"line":249,"column":35}},"96":{"start":{"line":267,"column":13},"end":{"line":267,"column":35}},"97":{"start":{"line":270,"column":16},"end":{"line":270,"column":36}},"98":{"start":{"line":288,"column":16},"end":{"line":288,"column":36}},"99":{"start":{"line":300,"column":22},"end":{"line":300,"column":44}},"100":{"start":{"line":316,"column":19},"end":{"line":316,"column":40}},"101":{"start":{"line":325,"column":11},"end":{"line":325,"column":29}},"102":{"start":{"line":327,"column":14},"end":{"line":327,"column":31}},"103":{"start":{"line":333,"column":11},"end":{"line":333,"column":33}},"104":{"start":{"line":211,"column":19},"end":{"line":211,"column":19}},"105":{"start":{"line":224,"column":19},"end":{"line":224,"column":null}},"106":{"start":{"line":231,"column":19},"end":{"line":231,"column":null}},"107":{"start":{"line":238,"column":19},"end":{"line":238,"column":null}},"108":{"start":{"line":250,"column":26},"end":{"line":250,"column":54}},"109":{"start":{"line":251,"column":26},"end":{"line":251,"column":53}},"110":{"start":{"line":292,"column":25},"end":{"line":292,"column":49}},"111":{"start":{"line":311,"column":30},"end":{"line":311,"column":56}},"112":{"start":{"line":318,"column":81},"end":{"line":318,"column":95}},"113":{"start":{"line":326,"column":47},"end":{"line":326,"column":55}},"114":{"start":{"line":326,"column":55},"end":{"line":326,"column":73}},"115":{"start":{"line":328,"column":71},"end":{"line":328,"column":79}},"116":{"start":{"line":328,"column":79},"end":{"line":328,"column":97}}},"fnMap":{"0":{"name":"(anonymous_0)","decl":{"start":{"line":43,"column":18},"end":{"line":43,"column":33}},"loc":{"start":{"line":43,"column":33},"end":{"line":48,"column":null}},"line":43},"1":{"name":"(anonymous_1)","decl":{"start":{"line":46,"column":38},"end":{"line":46,"column":42}},"loc":{"start":{"line":46,"column":49},"end":{"line":46,"column":84}},"line":46},"2":{"name":"(anonymous_2)","decl":{"start":{"line":138,"column":22},"end":{"line":138,"column":37}},"loc":{"start":{"line":138,"column":37},"end":{"line":141,"column":null}},"line":138},"3":{"name":"(anonymous_3)","decl":{"start":{"line":140,"column":25},"end":{"line":140,"column":31}},"loc":{"start":{"line":140,"column":36},"end":{"line":140,"column":60}},"line":140},"4":{"name":"(anonymous_4)","decl":{"start":{"line":145,"column":20},"end":{"line":145,"column":28}},"loc":{"start":{"line":145,"column":33},"end":{"line":147,"column":null}},"line":145},"5":{"name":"(anonymous_5)","decl":{"start":{"line":149,"column":20},"end":{"line":149,"column":28}},"loc":{"start":{"line":149,"column":33},"end":{"line":151,"column":null}},"line":149},"6":{"name":"(anonymous_6)","decl":{"start":{"line":174,"column":38},"end":{"line":174,"column":45}},"loc":{"start":{"line":174,"column":50},"end":{"line":174,"column":62}},"line":174},"7":{"name":"(anonymous_7)","decl":{"start":{"line":189,"column":0},"end":{"line":189,"column":16}},"loc":{"start":{"line":189,"column":16},"end":{"line":195,"column":null}},"line":189},"8":{"name":"(anonymous_8)","decl":{"start":{"line":197,"column":58},"end":{"line":197,"column":66}},"loc":{"start":{"line":197,"column":66},"end":{"line":200,"column":null}},"line":197},"9":{"name":"(anonymous_9)","decl":{"start":{"line":211,"column":19},"end":{"line":211,"column":null}},"loc":{"start":{"line":211,"column":19},"end":{"line":211,"column":19}},"line":211},"10":{"name":"(anonymous_10)","decl":{"start":{"line":224,"column":19},"end":{"line":224,"column":39}},"loc":{"start":{"line":224,"column":19},"end":{"line":224,"column":null}},"line":224},"11":{"name":"(anonymous_11)","decl":{"start":{"line":231,"column":19},"end":{"line":231,"column":29}},"loc":{"start":{"line":231,"column":19},"end":{"line":231,"column":null}},"line":231},"12":{"name":"(anonymous_12)","decl":{"start":{"line":238,"column":19},"end":{"line":238,"column":35}},"loc":{"start":{"line":238,"column":19},"end":{"line":238,"column":null}},"line":238},"13":{"name":"(anonymous_13)","decl":{"start":{"line":250,"column":24},"end":{"line":250,"column":26}},"loc":{"start":{"line":250,"column":26},"end":{"line":250,"column":54}},"line":250},"14":{"name":"(anonymous_14)","decl":{"start":{"line":251,"column":24},"end":{"line":251,"column":26}},"loc":{"start":{"line":251,"column":26},"end":{"line":251,"column":53}},"line":251},"15":{"name":"(anonymous_15)","decl":{"start":{"line":292,"column":17},"end":{"line":292,"column":23}},"loc":{"start":{"line":292,"column":25},"end":{"line":292,"column":49}},"line":292},"16":{"name":"(anonymous_16)","decl":{"start":{"line":311,"column":23},"end":{"line":311,"column":28}},"loc":{"start":{"line":311,"column":30},"end":{"line":311,"column":56}},"line":311},"17":{"name":"(anonymous_17)","decl":{"start":{"line":318,"column":81},"end":{"line":318,"column":95}},"loc":{"start":{"line":318,"column":81},"end":{"line":318,"column":95}},"line":318}},"branchMap":{"0":{"loc":{"start":{"line":60,"column":49},"end":{"line":60,"column":96}},"type":"default-arg","locations":[{"start":{"line":60,"column":57},"end":{"line":60,"column":96}}],"line":60},"1":{"loc":{"start":{"line":65,"column":8},"end":{"line":65,"column":53}},"type":"binary-expr","locations":[{"start":{"line":65,"column":8},"end":{"line":65,"column":26}},{"start":{"line":65,"column":26},"end":{"line":65,"column":53}}],"line":65},"2":{"loc":{"start":{"line":95,"column":4},"end":{"line":95,"column":null}},"type":"if","locations":[{"start":{"line":95,"column":4},"end":{"line":95,"column":null}},{"start":{},"end":{}}],"line":95},"3":{"loc":{"start":{"line":120,"column":22},"end":{"line":120,"column":49}},"type":"binary-expr","locations":[{"start":{"line":120,"column":22},"end":{"line":120,"column":47}},{"start":{"line":120,"column":47},"end":{"line":120,"column":49}}],"line":120},"4":{"loc":{"start":{"line":121,"column":26},"end":{"line":121,"column":null}},"type":"binary-expr","locations":[{"start":{"line":121,"column":26},"end":{"line":121,"column":57}},{"start":{"line":121,"column":57},"end":{"line":121,"column":null}}],"line":121},"5":{"loc":{"start":{"line":139,"column":2},"end":{"line":139,"column":null}},"type":"if","locations":[{"start":{"line":139,"column":2},"end":{"line":139,"column":null}},{"start":{},"end":{}}],"line":139},"6":{"loc":{"start":{"line":140,"column":36},"end":{"line":140,"column":60}},"type":"binary-expr","locations":[{"start":{"line":140,"column":36},"end":{"line":140,"column":44}},{"start":{"line":140,"column":44},"end":{"line":140,"column":60}}],"line":140},"7":{"loc":{"start":{"line":146,"column":6},"end":{"line":146,"column":null}},"type":"if","locations":[{"start":{"line":146,"column":6},"end":{"line":146,"column":null}},{"start":{},"end":{}}],"line":146},"8":{"loc":{"start":{"line":150,"column":6},"end":{"line":150,"column":null}},"type":"if","locations":[{"start":{"line":150,"column":6},"end":{"line":150,"column":null}},{"start":{},"end":{}}],"line":150},"9":{"loc":{"start":{"line":167,"column":2},"end":{"line":167,"column":null}},"type":"if","locations":[{"start":{"line":167,"column":2},"end":{"line":167,"column":null}},{"start":{},"end":{}}],"line":167},"10":{"loc":{"start":{"line":183,"column":2},"end":{"line":183,"column":null}},"type":"if","locations":[{"start":{"line":183,"column":2},"end":{"line":183,"column":null}},{"start":{},"end":{}}],"line":183},"11":{"loc":{"start":{"line":186,"column":9},"end":{"line":186,"column":null}},"type":"binary-expr","locations":[{"start":{"line":186,"column":9},"end":{"line":186,"column":28}},{"start":{"line":186,"column":28},"end":{"line":186,"column":45}},{"start":{"line":186,"column":45},"end":{"line":186,"column":null}}],"line":186},"12":{"loc":{"start":{"line":219,"column":10},"end":{"line":206,"column":28}},"type":"binary-expr","locations":[{"start":{"line":219,"column":10},"end":{"line":219,"column":null}},{"start":{"line":219,"column":10},"end":{"line":206,"column":28}}],"line":219},"13":{"loc":{"start":{"line":211,"column":19},"end":{"line":211,"column":19}},"type":"binary-expr","locations":[{"start":{"line":211,"column":19},"end":{"line":211,"column":null}},{"start":{"line":211,"column":19},"end":{"line":211,"column":19}}],"line":211},"14":{"loc":{"start":{"line":224,"column":19},"end":{"line":224,"column":null}},"type":"binary-expr","locations":[{"start":{"line":224,"column":19},"end":{"line":224,"column":39}},{"start":{"line":224,"column":19},"end":{"line":224,"column":null}}],"line":224},"15":{"loc":{"start":{"line":231,"column":19},"end":{"line":231,"column":null}},"type":"binary-expr","locations":[{"start":{"line":231,"column":19},"end":{"line":231,"column":29}},{"start":{"line":231,"column":19},"end":{"line":231,"column":null}}],"line":231},"16":{"loc":{"start":{"line":238,"column":19},"end":{"line":238,"column":null}},"type":"binary-expr","locations":[{"start":{"line":238,"column":19},"end":{"line":238,"column":35}},{"start":{"line":238,"column":19},"end":{"line":238,"column":null}}],"line":238},"17":{"loc":{"start":{"line":247,"column":8},"end":{"line":247,"column":35}},"type":"binary-expr","locations":[{"start":{"line":247,"column":8},"end":{"line":247,"column":12}},{"start":{"line":247,"column":8},"end":{"line":247,"column":35}}],"line":247},"18":{"loc":{"start":{"line":250,"column":24},"end":{"line":250,"column":54}},"type":"binary-expr","locations":[{"start":{"line":250,"column":24},"end":{"line":250,"column":26}},{"start":{"line":250,"column":24},"end":{"line":250,"column":54}}],"line":250},"19":{"loc":{"start":{"line":251,"column":24},"end":{"line":251,"column":53}},"type":"binary-expr","locations":[{"start":{"line":251,"column":24},"end":{"line":251,"column":26}},{"start":{"line":251,"column":24},"end":{"line":251,"column":53}}],"line":251},"20":{"loc":{"start":{"line":259,"column":10},"end":{"line":258,"column":33}},"type":"binary-expr","locations":[{"start":{"line":259,"column":10},"end":{"line":259,"column":null}},{"start":{"line":259,"column":10},"end":{"line":258,"column":33}}],"line":259},"21":{"loc":{"start":{"line":278,"column":12},"end":{"line":278,"column":28}},"type":"binary-expr","locations":[{"start":{"line":278,"column":12},"end":{"line":278,"column":16}},{"start":{"line":278,"column":12},"end":{"line":278,"column":28}}],"line":278},"22":{"loc":{"start":{"line":279,"column":12},"end":{"line":279,"column":29}},"type":"binary-expr","locations":[{"start":{"line":279,"column":12},"end":{"line":279,"column":16}},{"start":{"line":279,"column":12},"end":{"line":279,"column":29}}],"line":279},"23":{"loc":{"start":{"line":280,"column":12},"end":{"line":280,"column":25}},"type":"binary-expr","locations":[{"start":{"line":280,"column":12},"end":{"line":280,"column":16}},{"start":{"line":280,"column":12},"end":{"line":280,"column":25}}],"line":280},"24":{"loc":{"start":{"line":281,"column":12},"end":{"line":281,"column":31}},"type":"binary-expr","locations":[{"start":{"line":281,"column":12},"end":{"line":281,"column":16}},{"start":{"line":281,"column":12},"end":{"line":281,"column":31}}],"line":281},"25":{"loc":{"start":{"line":282,"column":12},"end":{"line":282,"column":27}},"type":"binary-expr","locations":[{"start":{"line":282,"column":12},"end":{"line":282,"column":16}},{"start":{"line":282,"column":12},"end":{"line":282,"column":27}}],"line":282},"26":{"loc":{"start":{"line":283,"column":12},"end":{"line":283,"column":28}},"type":"binary-expr","locations":[{"start":{"line":283,"column":12},"end":{"line":283,"column":16}},{"start":{"line":283,"column":12},"end":{"line":283,"column":28}}],"line":283},"27":{"loc":{"start":{"line":298,"column":64},"end":{"line":298,"column":null}},"type":"cond-expr","locations":[{"start":{"line":298,"column":95},"end":{"line":298,"column":null}},{"start":{"line":298,"column":95},"end":{"line":298,"column":null}}],"line":298},"28":{"loc":{"start":{"line":307,"column":38},"end":{"line":307,"column":142}},"type":"cond-expr","locations":[{"start":{"line":307,"column":108},"end":{"line":307,"column":142}},{"start":{"line":307,"column":108},"end":{"line":307,"column":142}}],"line":307},"29":{"loc":{"start":{"line":307,"column":80},"end":{"line":307,"column":142}},"type":"binary-expr","locations":[{"start":{"line":307,"column":80},"end":{"line":307,"column":108}},{"start":{"line":307,"column":108},"end":{"line":307,"column":142}}],"line":307},"30":{"loc":{"start":{"line":314,"column":20},"end":{"line":325,"column":11}},"type":"cond-expr","locations":[{"start":{"line":314,"column":36},"end":{"line":325,"column":11}},{"start":{"line":325,"column":6},"end":{"line":325,"column":11}}],"line":314},"31":{"loc":{"start":{"line":319,"column":20},"end":{"line":317,"column":27}},"type":"binary-expr","locations":[{"start":{"line":319,"column":20},"end":{"line":319,"column":null}},{"start":{"line":319,"column":20},"end":{"line":317,"column":27}}],"line":319},"32":{"loc":{"start":{"line":318,"column":81},"end":{"line":318,"column":95}},"type":"binary-expr","locations":[{"start":{"line":318,"column":81},"end":{"line":318,"column":95}},{"start":{"line":318,"column":81},"end":{"line":318,"column":95}}],"line":318},"33":{"loc":{"start":{"line":332,"column":15},"end":{"line":335,"column":98}},"type":"cond-expr","locations":[{"start":{"line":332,"column":28},"end":{"line":335,"column":98}},{"start":{"line":335,"column":89},"end":{"line":335,"column":98}}],"line":332}},"s":{"0":2,"1":2,"2":2,"3":2,"4":2,"5":2,"6":2,"7":2,"8":2,"9":2,"10":2,"11":2,"12":2,"13":2,"14":2,"15":2,"16":2,"17":4,"18":0,"19":2,"20":2,"21":2,"22":0,"23":2,"24":0,"25":0,"26":0,"27":2,"28":0,"29":0,"30":0,"31":0,"32":0,"33":0,"34":0,"35":0,"36":0,"37":0,"38":0,"39":0,"40":2,"41":2,"42":2,"43":0,"44":2,"45":1,"46":2,"47":1,"48":1,"49":2,"50":0,"51":0,"52":2,"53":3,"54":2,"55":1,"56":1,"57":0,"58":0,"59":0,"60":0,"61":0,"62":0,"63":0,"64":0,"65":0,"66":0,"67":0,"68":0,"69":0,"70":0,"71":0,"72":0,"73":0,"74":0,"75":6,"76":0,"77":6,"78":6,"79":6,"80":2,"81":0,"82":2,"83":2,"84":2,"85":0,"86":0,"87":1,"88":1,"89":1,"90":1,"91":1,"92":1,"93":1,"94":1,"95":1,"96":1,"97":1,"98":1,"99":1,"100":1,"101":1,"102":1,"103":1,"104":2,"105":0,"106":0,"107":0,"108":0,"109":0,"110":0,"111":0,"112":2,"113":0,"114":0,"115":0,"116":0},"f":{"0":4,"1":0,"2":3,"3":1,"4":0,"5":0,"6":0,"7":2,"8":0,"9":2,"10":0,"11":0,"12":0,"13":0,"14":0,"15":0,"16":0,"17":2},"b":{"0":[2],"1":[0,0],"2":[0,0],"3":[1,0],"4":[2,0],"5":[2,1],"6":[1,1],"7":[0,0],"8":[0,0],"9":[0,0],"10":[0,6],"11":[6,0,0],"12":[6,2],"13":[2,2],"14":[6,2],"15":[6,2],"16":[6,2],"17":[0,0],"18":[0,0],"19":[0,0],"20":[2,2],"21":[3,2],"22":[3,2],"23":[3,2],"24":[3,2],"25":[3,2],"26":[3,2],"27":[0,2],"28":[0,2],"29":[2,0],"30":[2,1],"31":[2,2],"32":[2,2],"33":[0,6]},"meta":{"lastBranch":0,"lastFunction":0,"lastStatement":0,"seen":{}}}
}
